# JRE version: OpenJDK Runtime Environment (8.0_242-b01) (build 1.8.0_242-release-1644-b01)
# Java VM: OpenJDK 64-Bit Server VM (25.242-b01 mixed mode windows-amd64 compressed oops)
Heap:
 PSYoungGen      total 161792K, used 49792K [0x00000000f5580000, 0x0000000100000000, 0x0000000100000000)
  eden space 150016K, 25% used [0x00000000f5580000,0x00000000f7aa1010,0x00000000fe800000)
  from space 11776K, 99% used [0x00000000fe800000,0x00000000ff37f320,0x00000000ff380000)
  to   space 12800K, 0% used [0x00000000ff380000,0x00000000ff380000,0x0000000100000000)
 ParOldGen       total 135168K, used 23740K [0x00000000e0000000, 0x00000000e8400000, 0x00000000f5580000)
  object space 135168K, 17% used [0x00000000e0000000,0x00000000e172f390,0x00000000e8400000)
 Metaspace       used 55034K, capacity 57198K, committed 57520K, reserved 1099776K
  class space    used 7271K, capacity 7756K, committed 7856K, reserved 1048576K
GC Heap History (10 events):
Event: 2.404 GC heap before
{Heap before GC invocations=7 (full 1):
 PSYoungGen      total 76288K, used 73449K [0x00000000f5580000, 0x00000000fd880000, 0x0000000100000000)
  eden space 65536K, 100% used [0x00000000f5580000,0x00000000f9580000,0x00000000f9580000)
  from space 10752K, 73% used [0x00000000f9580000,0x00000000f9d3a590,0x00000000fa000000)
  to   space 12288K, 0% used [0x00000000fcc80000,0x00000000fcc80000,0x00000000fd880000)
 ParOldGen       total 93696K, used 7333K [0x00000000e0000000, 0x00000000e5b80000, 0x00000000f5580000)
  object space 93696K, 7% used [0x00000000e0000000,0x00000000e07296d0,0x00000000e5b80000)
 Metaspace       used 33300K, capacity 34158K, committed 34224K, reserved 1079296K
  class space    used 4463K, capacity 4738K, committed 4784K, reserved 1048576K
Event: 2.418 GC heap after
Heap after GC invocations=7 (full 1):
 PSYoungGen      total 121856K, used 9033K [0x00000000f5580000, 0x00000000fdc80000, 0x0000000100000000)
  eden space 109568K, 0% used [0x00000000f5580000,0x00000000f5580000,0x00000000fc080000)
  from space 12288K, 73% used [0x00000000fcc80000,0x00000000fd552610,0x00000000fd880000)
  to   space 12288K, 0% used [0x00000000fc080000,0x00000000fc080000,0x00000000fcc80000)
 ParOldGen       total 93696K, used 7341K [0x00000000e0000000, 0x00000000e5b80000, 0x00000000f5580000)
  object space 93696K, 7% used [0x00000000e0000000,0x00000000e072b6d0,0x00000000e5b80000)
 Metaspace       used 33300K, capacity 34158K, committed 34224K, reserved 1079296K
  class space    used 4463K, capacity 4738K, committed 4784K, reserved 1048576K
}
Event: 2.538 GC heap before
{Heap before GC invocations=8 (full 1):
 PSYoungGen      total 121856K, used 22968K [0x00000000f5580000, 0x00000000fdc80000, 0x0000000100000000)
  eden space 109568K, 12% used [0x00000000f5580000,0x00000000f631bdc0,0x00000000fc080000)
  from space 12288K, 73% used [0x00000000fcc80000,0x00000000fd552610,0x00000000fd880000)
  to   space 12288K, 0% used [0x00000000fc080000,0x00000000fc080000,0x00000000fcc80000)
 ParOldGen       total 93696K, used 7341K [0x00000000e0000000, 0x00000000e5b80000, 0x00000000f5580000)
  object space 93696K, 7% used [0x00000000e0000000,0x00000000e072b6d0,0x00000000e5b80000)
 Metaspace       used 34580K, capacity 35402K, committed 35496K, reserved 1079296K
  class space    used 4597K, capacity 4849K, committed 4912K, reserved 1048576K
Event: 2.542 GC heap after
Heap after GC invocations=8 (full 1):
 PSYoungGen      total 121856K, used 7450K [0x00000000f5580000, 0x00000000fff00000, 0x0000000100000000)
  eden space 109568K, 0% used [0x00000000f5580000,0x00000000f5580000,0x00000000fc080000)
  from space 12288K, 60% used [0x00000000fc080000,0x00000000fc7c69e8,0x00000000fcc80000)
  to   space 11776K, 0% used [0x00000000ff380000,0x00000000ff380000,0x00000000fff00000)
 ParOldGen       total 93696K, used 7349K [0x00000000e0000000, 0x00000000e5b80000, 0x00000000f5580000)
  object space 93696K, 7% used [0x00000000e0000000,0x00000000e072d6d0,0x00000000e5b80000)
 Metaspace       used 34580K, capacity 35402K, committed 35496K, reserved 1079296K
  class space    used 4597K, capacity 4849K, committed 4912K, reserved 1048576K
}
Event: 2.542 GC heap before
{Heap before GC invocations=9 (full 2):
 PSYoungGen      total 121856K, used 7450K [0x00000000f5580000, 0x00000000fff00000, 0x0000000100000000)
  eden space 109568K, 0% used [0x00000000f5580000,0x00000000f5580000,0x00000000fc080000)
  from space 12288K, 60% used [0x00000000fc080000,0x00000000fc7c69e8,0x00000000fcc80000)
  to   space 11776K, 0% used [0x00000000ff380000,0x00000000ff380000,0x00000000fff00000)
 ParOldGen       total 93696K, used 7349K [0x00000000e0000000, 0x00000000e5b80000, 0x00000000f5580000)
  object space 93696K, 7% used [0x00000000e0000000,0x00000000e072d6d0,0x00000000e5b80000)
 Metaspace       used 34580K, capacity 35402K, committed 35496K, reserved 1079296K
  class space    used 4597K, capacity 4849K, committed 4912K, reserved 1048576K
Event: 2.563 GC heap after
Heap after GC invocations=9 (full 2):
 PSYoungGen      total 121856K, used 0K [0x00000000f5580000, 0x00000000fff00000, 0x0000000100000000)
  eden space 109568K, 0% used [0x00000000f5580000,0x00000000f5580000,0x00000000fc080000)
  from space 12288K, 0% used [0x00000000fc080000,0x00000000fc080000,0x00000000fcc80000)
  to   space 11776K, 0% used [0x00000000ff380000,0x00000000ff380000,0x00000000fff00000)
 ParOldGen       total 135168K, used 14199K [0x00000000e0000000, 0x00000000e8400000, 0x00000000f5580000)
  object space 135168K, 10% used [0x00000000e0000000,0x00000000e0dddf48,0x00000000e8400000)
 Metaspace       used 34568K, capacity 35390K, committed 35496K, reserved 1079296K
  class space    used 4593K, capacity 4845K, committed 4912K, reserved 1048576K
}
Event: 3.030 GC heap before
{Heap before GC invocations=10 (full 2):
 PSYoungGen      total 121856K, used 109568K [0x00000000f5580000, 0x00000000fff00000, 0x0000000100000000)
  eden space 109568K, 100% used [0x00000000f5580000,0x00000000fc080000,0x00000000fc080000)
  from space 12288K, 0% used [0x00000000fc080000,0x00000000fc080000,0x00000000fcc80000)
  to   space 11776K, 0% used [0x00000000ff380000,0x00000000ff380000,0x00000000fff00000)
 ParOldGen       total 135168K, used 14199K [0x00000000e0000000, 0x00000000e8400000, 0x00000000f5580000)
  object space 135168K, 10% used [0x00000000e0000000,0x00000000e0dddf48,0x00000000e8400000)
 Metaspace       used 39382K, capacity 40632K, committed 40752K, reserved 1085440K
  class space    used 5301K, capacity 5604K, committed 5680K, reserved 1048576K
Event: 3.035 GC heap after
Heap after GC invocations=10 (full 2):
 PSYoungGen      total 161792K, used 9532K [0x00000000f5580000, 0x00000000fff80000, 0x0000000100000000)
  eden space 150016K, 0% used [0x00000000f5580000,0x00000000f5580000,0x00000000fe800000)
  from space 11776K, 80% used [0x00000000ff380000,0x00000000ffccf108,0x00000000fff00000)
  to   space 11776K, 0% used [0x00000000fe800000,0x00000000fe800000,0x00000000ff380000)
 ParOldGen       total 135168K, used 14207K [0x00000000e0000000, 0x00000000e8400000, 0x00000000f5580000)
  object space 135168K, 10% used [0x00000000e0000000,0x00000000e0ddff48,0x00000000e8400000)
 Metaspace       used 39382K, capacity 40632K, committed 40752K, reserved 1085440K
  class space    used 5301K, capacity 5604K, committed 5680K, reserved 1048576K
}
Event: 3.959 GC heap before
{Heap before GC invocations=11 (full 2):
 PSYoungGen      total 161792K, used 159548K [0x00000000f5580000, 0x00000000fff80000, 0x0000000100000000)
  eden space 150016K, 100% used [0x00000000f5580000,0x00000000fe800000,0x00000000fe800000)
  from space 11776K, 80% used [0x00000000ff380000,0x00000000ffccf108,0x00000000fff00000)
  to   space 11776K, 0% used [0x00000000fe800000,0x00000000fe800000,0x00000000ff380000)
 ParOldGen       total 135168K, used 14207K [0x00000000e0000000, 0x00000000e8400000, 0x00000000f5580000)
  object space 135168K, 10% used [0x00000000e0000000,0x00000000e0ddff48,0x00000000e8400000)
 Metaspace       used 51798K, capacity 53604K, committed 53808K, reserved 1095680K
  class space    used 6847K, capacity 7216K, committed 7216K, reserved 1048576K
Event: 3.967 GC heap after
Heap after GC invocations=11 (full 2):
 PSYoungGen      total 161792K, used 11772K [0x00000000f5580000, 0x0000000100000000, 0x0000000100000000)
  eden space 150016K, 0% used [0x00000000f5580000,0x00000000f5580000,0x00000000fe800000)
  from space 11776K, 99% used [0x00000000fe800000,0x00000000ff37f320,0x00000000ff380000)
  to   space 12800K, 0% used [0x00000000ff380000,0x00000000ff380000,0x0000000100000000)
 ParOldGen       total 135168K, used 23740K [0x00000000e0000000, 0x00000000e8400000, 0x00000000f5580000)
  object space 135168K, 17% used [0x00000000e0000000,0x00000000e172f390,0x00000000e8400000)
 Metaspace       used 51798K, capacity 53604K, committed 53808K, reserved 1095680K
  class space    used 6847K, capacity 7216K, committed 7216K, reserved 1048576K
}

